2021-12-21 16:14:43.058  INFO pavillion - [kground-preinit] o.h.v.i.u.Version              : HV000001: Hibernate Validator 6.2.0.Final
2021-12-21 16:14:43.249  INFO pavillion - [  restartedMain] g.c.Edge                       : Starting Edge using Java 11.0.13 on pavillion with PID 17665 (/home/savvas/Downloads/Fintech-T8-hope_for_queue/java-path-spring-edge/target/classes started by savvas in /home/savvas/Downloads/Fintech-T8-hope_for_queue)
2021-12-21 16:14:43.260 DEBUG pavillion - [  restartedMain] g.c.Edge                       : Running with Spring Boot v2.5.5, Spring v5.3.10
2021-12-21 16:14:43.262  INFO pavillion - [  restartedMain] g.c.Edge                       : No active profile set, falling back to default profiles: default
2021-12-21 16:14:43.417  INFO pavillion - [  restartedMain] sPropertyDefaultsPostProcessor : Devtools property defaults active! Set 'spring.devtools.add-properties' to 'false' to disable
2021-12-21 16:14:43.419  INFO pavillion - [  restartedMain] sPropertyDefaultsPostProcessor : For additional web related logging consider setting the 'logging.level.web' property to 'DEBUG'
2021-12-21 16:14:44.922  INFO pavillion - [  restartedMain] epositoryConfigurationDelegate : Bootstrapping Spring Data JPA repositories in DEFAULT mode.
2021-12-21 16:14:45.046  INFO pavillion - [  restartedMain] epositoryConfigurationDelegate : Finished Spring Data repository scanning in 112 ms. Found 1 JPA repository interfaces.
2021-12-21 16:14:46.897  INFO pavillion - [  restartedMain] o.s.b.w.e.t.TomcatWebServer    : Tomcat initialized with port(s): 8080 (http)
2021-12-21 16:14:46.923  INFO pavillion - [  restartedMain] o.a.c.h.Http11NioProtocol      : Initializing ProtocolHandler ["http-nio-8080"]
2021-12-21 16:14:46.924  INFO pavillion - [  restartedMain] o.a.c.c.StandardService        : Starting service [Tomcat]
2021-12-21 16:14:46.925  INFO pavillion - [  restartedMain] o.a.c.c.StandardEngine         : Starting Servlet engine: [Apache Tomcat/9.0.53]
2021-12-21 16:14:47.147  INFO pavillion - [  restartedMain] o.a.c.c.C.[.[.[/]              : Initializing Spring embedded WebApplicationContext
2021-12-21 16:14:47.148  INFO pavillion - [  restartedMain] letWebServerApplicationContext : Root WebApplicationContext: initialization completed in 3728 ms
2021-12-21 16:14:47.278  INFO pavillion - [  restartedMain] c.z.h.HikariDataSource         : HikariPool-1 - Starting...
2021-12-21 16:14:47.540  INFO pavillion - [  restartedMain] c.z.h.HikariDataSource         : HikariPool-1 - Start completed.
2021-12-21 16:14:47.551  INFO pavillion - [  restartedMain] a.h.H2ConsoleAutoConfiguration : H2 console available at '/h2-console'. Database available at 'jdbc:h2:mem:db'
2021-12-21 16:14:47.833  INFO pavillion - [  restartedMain] o.h.j.i.u.LogHelper            : HHH000204: Processing PersistenceUnitInfo [name: default]
2021-12-21 16:14:47.950  INFO pavillion - [  restartedMain] o.h.Version                    : HHH000412: Hibernate ORM core version 5.4.32.Final
2021-12-21 16:14:48.202  INFO pavillion - [  restartedMain] o.h.a.c.Version                : HCANN000001: Hibernate Commons Annotations {5.1.2.Final}
2021-12-21 16:14:48.344  INFO pavillion - [  restartedMain] o.h.d.Dialect                  : HHH000400: Using dialect: org.hibernate.dialect.H2Dialect
2021-12-21 16:14:49.283  INFO pavillion - [  restartedMain] e.t.j.p.i.JtaPlatformInitiator : HHH000490: Using JtaPlatform implementation: [org.hibernate.engine.transaction.jta.platform.internal.NoJtaPlatform]
2021-12-21 16:14:49.301  INFO pavillion - [  restartedMain] tainerEntityManagerFactoryBean : Initialized JPA EntityManagerFactory for persistence unit 'default'
2021-12-21 16:14:50.756  WARN pavillion - [  restartedMain] figuration$JpaWebConfiguration : spring.jpa.open-in-view is enabled by default. Therefore, database queries may be performed during view rendering. Explicitly configure spring.jpa.open-in-view to disable this warning
2021-12-21 16:14:51.877  INFO pavillion - [  restartedMain] b.d.a.OptionalLiveReloadServer : LiveReload server is running on port 35729
2021-12-21 16:14:52.137  INFO pavillion - [  restartedMain] o.a.c.h.Http11NioProtocol      : Starting ProtocolHandler ["http-nio-8080"]
2021-12-21 16:14:52.154  INFO pavillion - [  restartedMain] o.s.b.w.e.t.TomcatWebServer    : Tomcat started on port(s): 8080 (http) with context path ''
2021-12-21 16:14:52.183  INFO pavillion - [  restartedMain] g.c.Edge                       : Started Edge in 10.025 seconds (JVM running for 14.283)
2021-12-21 16:14:52.187  INFO pavillion - [  restartedMain] g.c.b.DatabaseInitializer      : Attempting to initialize application data.
2021-12-21 16:14:52.341  INFO pavillion - [  restartedMain] g.c.b.DatabaseInitializer      : Initialization of data is needed.
2021-12-21 16:14:52.476  INFO pavillion - [  restartedMain] g.c.b.DatabaseInitializer      : Initialization of data has ended.
2021-12-21 16:15:32.424  INFO pavillion - [nio-8080-exec-1] o.a.c.c.C.[.[.[/]              : Initializing Spring DispatcherServlet 'dispatcherServlet'
2021-12-21 16:15:32.425  INFO pavillion - [nio-8080-exec-1] o.s.w.s.DispatcherServlet      : Initializing Servlet 'dispatcherServlet'
2021-12-21 16:15:32.427  INFO pavillion - [nio-8080-exec-1] o.s.w.s.DispatcherServlet      : Completed initialization in 2 ms
2021-12-21 16:15:32.615  WARN pavillion - [nio-8080-exec-1] efaultHandlerExceptionResolver : Resolved [org.springframework.http.converter.HttpMessageNotReadableException: JSON parse error: Unexpected character ('}' (code 125)): was expecting double-quote to start field name; nested exception is com.fasterxml.jackson.core.JsonParseException: Unexpected character ('}' (code 125)): was expecting double-quote to start field name
 at [Source: (PushbackInputStream); line: 11, column: 2]]
2021-12-21 16:15:48.665  INFO pavillion - [nio-8080-exec-2] a.r.c.CachingConnectionFactory : Attempting to connect to: [localhost:5672]
2021-12-21 16:15:48.749  INFO pavillion - [nio-8080-exec-2] a.r.c.CachingConnectionFactory : Created new connection: rabbitConnectionFactory#3fb0640f:0/SimpleConnection@c1a7c385 [delegate=amqp://guest@127.0.0.1:5672/, localPort= 56458]
2021-12-21 16:15:48.910  INFO pavillion - [nio-8080-exec-2] g.c.s.WalletService            : A wallet payload has been sent to the queue.
2021-12-21 16:16:02.129  INFO pavillion - [nio-8080-exec-3] g.c.s.FeederService            : A payload has been sent to the queue.
2021-12-21 16:17:06.297  INFO pavillion - [nio-8080-exec-5] g.c.s.WalletService            : A wallet payload has been sent to the queue.
2021-12-21 16:19:45.953  WARN pavillion - [nio-8080-exec-7] efaultHandlerExceptionResolver : Resolved [org.springframework.web.HttpMediaTypeNotSupportedException: Content type 'text/plain;charset=UTF-8' not supported]
2021-12-21 16:19:52.297  INFO pavillion - [nio-8080-exec-8] g.c.s.FeederService            : A payload has been sent to the queue.
2021-12-21 16:20:31.945  INFO pavillion - [nio-8080-exec-9] g.c.s.WalletService            : A wallet payload has been sent to the queue.
2021-12-21 16:21:31.825  INFO pavillion - [io-8080-exec-10] g.c.s.FeederService            : A payload has been sent to the queue.
2021-12-21 16:22:09.096  INFO pavillion - [nio-8080-exec-1] g.c.s.FeederService            : A payload has been sent to the queue.
2021-12-21 16:23:43.984  INFO pavillion - [ionShutdownHook] tainerEntityManagerFactoryBean : Closing JPA EntityManagerFactory for persistence unit 'default'
2021-12-21 16:23:43.984  INFO pavillion - [ionShutdownHook] pperImpl$DelayedDropActionImpl : HHH000477: Starting delayed evictData of schema as part of SessionFactory shut-down'
2021-12-21 16:23:44.208  WARN pavillion - [ionShutdownHook] .s.b.f.s.DisposableBeanAdapter : Invocation of destroy method failed on bean with name 'inMemoryDatabaseShutdownExecutor': org.h2.jdbc.JdbcSQLNonTransientConnectionException: Database is already closed (to disable automatic closing at VM shutdown, add ";DB_CLOSE_ON_EXIT=FALSE" to the db URL) [90121-200]
2021-12-21 16:23:44.214  INFO pavillion - [ionShutdownHook] c.z.h.HikariDataSource         : HikariPool-1 - Shutdown initiated...
2021-12-21 16:23:44.220  INFO pavillion - [ionShutdownHook] c.z.h.HikariDataSource         : HikariPool-1 - Shutdown completed.
2021-12-21 16:24:01.748  INFO pavillion - [kground-preinit] o.h.v.i.u.Version              : HV000001: Hibernate Validator 6.2.0.Final
2021-12-21 16:24:01.823  INFO pavillion - [  restartedMain] g.c.Edge                       : Starting Edge using Java 11.0.13 on pavillion with PID 20009 (/home/savvas/Downloads/Fintech-T8-hope_for_queue/java-path-spring-edge/target/classes started by savvas in /home/savvas/Downloads/Fintech-T8-hope_for_queue)
2021-12-21 16:24:01.832 DEBUG pavillion - [  restartedMain] g.c.Edge                       : Running with Spring Boot v2.5.5, Spring v5.3.10
2021-12-21 16:24:01.833  INFO pavillion - [  restartedMain] g.c.Edge                       : No active profile set, falling back to default profiles: default
2021-12-21 16:24:01.931  INFO pavillion - [  restartedMain] sPropertyDefaultsPostProcessor : Devtools property defaults active! Set 'spring.devtools.add-properties' to 'false' to disable
2021-12-21 16:24:01.932  INFO pavillion - [  restartedMain] sPropertyDefaultsPostProcessor : For additional web related logging consider setting the 'logging.level.web' property to 'DEBUG'
2021-12-21 16:24:03.369  INFO pavillion - [  restartedMain] epositoryConfigurationDelegate : Bootstrapping Spring Data JPA repositories in DEFAULT mode.
2021-12-21 16:24:03.469  INFO pavillion - [  restartedMain] epositoryConfigurationDelegate : Finished Spring Data repository scanning in 86 ms. Found 1 JPA repository interfaces.
2021-12-21 16:24:04.568  INFO pavillion - [  restartedMain] o.s.b.w.e.t.TomcatWebServer    : Tomcat initialized with port(s): 8080 (http)
2021-12-21 16:24:04.582  INFO pavillion - [  restartedMain] o.a.c.h.Http11NioProtocol      : Initializing ProtocolHandler ["http-nio-8080"]
2021-12-21 16:24:04.584  INFO pavillion - [  restartedMain] o.a.c.c.StandardService        : Starting service [Tomcat]
2021-12-21 16:24:04.585  INFO pavillion - [  restartedMain] o.a.c.c.StandardEngine         : Starting Servlet engine: [Apache Tomcat/9.0.53]
2021-12-21 16:24:04.874  INFO pavillion - [  restartedMain] o.a.c.c.C.[.[.[/]              : Initializing Spring embedded WebApplicationContext
2021-12-21 16:24:04.875  INFO pavillion - [  restartedMain] letWebServerApplicationContext : Root WebApplicationContext: initialization completed in 2942 ms
2021-12-21 16:24:04.979  INFO pavillion - [  restartedMain] c.z.h.HikariDataSource         : HikariPool-1 - Starting...
2021-12-21 16:24:05.286  INFO pavillion - [  restartedMain] c.z.h.HikariDataSource         : HikariPool-1 - Start completed.
2021-12-21 16:24:05.297  INFO pavillion - [  restartedMain] a.h.H2ConsoleAutoConfiguration : H2 console available at '/h2-console'. Database available at 'jdbc:h2:mem:db'
2021-12-21 16:24:05.611  INFO pavillion - [  restartedMain] o.h.j.i.u.LogHelper            : HHH000204: Processing PersistenceUnitInfo [name: default]
2021-12-21 16:24:05.763  INFO pavillion - [  restartedMain] o.h.Version                    : HHH000412: Hibernate ORM core version 5.4.32.Final
2021-12-21 16:24:06.043  INFO pavillion - [  restartedMain] o.h.a.c.Version                : HCANN000001: Hibernate Commons Annotations {5.1.2.Final}
2021-12-21 16:24:06.268  INFO pavillion - [  restartedMain] o.h.d.Dialect                  : HHH000400: Using dialect: org.hibernate.dialect.H2Dialect
2021-12-21 16:24:07.569  INFO pavillion - [  restartedMain] e.t.j.p.i.JtaPlatformInitiator : HHH000490: Using JtaPlatform implementation: [org.hibernate.engine.transaction.jta.platform.internal.NoJtaPlatform]
2021-12-21 16:24:07.584  INFO pavillion - [  restartedMain] tainerEntityManagerFactoryBean : Initialized JPA EntityManagerFactory for persistence unit 'default'
2021-12-21 16:24:09.063  WARN pavillion - [  restartedMain] figuration$JpaWebConfiguration : spring.jpa.open-in-view is enabled by default. Therefore, database queries may be performed during view rendering. Explicitly configure spring.jpa.open-in-view to disable this warning
2021-12-21 16:24:10.081  INFO pavillion - [  restartedMain] b.d.a.OptionalLiveReloadServer : LiveReload server is running on port 35729
2021-12-21 16:24:10.242  INFO pavillion - [  restartedMain] o.a.c.h.Http11NioProtocol      : Starting ProtocolHandler ["http-nio-8080"]
2021-12-21 16:24:10.267  INFO pavillion - [  restartedMain] o.s.b.w.e.t.TomcatWebServer    : Tomcat started on port(s): 8080 (http) with context path ''
2021-12-21 16:24:10.319  INFO pavillion - [  restartedMain] g.c.Edge                       : Started Edge in 9.165 seconds (JVM running for 11.534)
2021-12-21 16:24:10.323  INFO pavillion - [  restartedMain] g.c.b.DatabaseInitializer      : Attempting to initialize application data.
2021-12-21 16:24:10.570  INFO pavillion - [  restartedMain] g.c.b.DatabaseInitializer      : Initialization of data is needed.
2021-12-21 16:24:10.687  INFO pavillion - [  restartedMain] g.c.b.DatabaseInitializer      : Initialization of data has ended.
2021-12-21 16:24:31.824  INFO pavillion - [nio-8080-exec-1] o.a.c.c.C.[.[.[/]              : Initializing Spring DispatcherServlet 'dispatcherServlet'
2021-12-21 16:24:31.824  INFO pavillion - [nio-8080-exec-1] o.s.w.s.DispatcherServlet      : Initializing Servlet 'dispatcherServlet'
2021-12-21 16:24:31.827  INFO pavillion - [nio-8080-exec-1] o.s.w.s.DispatcherServlet      : Completed initialization in 2 ms
2021-12-21 16:24:32.113  INFO pavillion - [nio-8080-exec-1] a.r.c.CachingConnectionFactory : Attempting to connect to: [localhost:5672]
2021-12-21 16:24:32.288  INFO pavillion - [nio-8080-exec-1] a.r.c.CachingConnectionFactory : Created new connection: rabbitConnectionFactory#b26f570f:0/SimpleConnection@baa80572 [delegate=amqp://guest@127.0.0.1:5672/, localPort= 56816]
2021-12-21 16:24:32.561  INFO pavillion - [nio-8080-exec-1] g.c.s.FeederService            : A payload has been sent to the queue.
2021-12-21 16:24:37.115  INFO pavillion - [nio-8080-exec-2] g.c.s.WalletService            : A wallet payload has been sent to the queue.
